INFO Logfile is /home/rafa/github/impactcentre/ocrevalUAtion/A B C/ocrevaluation.log
INFO Processing X0000001.txt
INFO Application folder is /home/rafa/github/impactcentre/ocrevalUAtion/A B C
INFO No properties were defined by user
INFO max length of text set to 0
INFO Text file X0000001.txt encoding is UTF-8
INFO Text file X0000001.txt encoding is UTF-8
INFO Processing X0000002.txt
INFO Text file X0000002.txt encoding is UTF-8
INFO Text file X0000002.txt encoding is Big5
INFO Processing X0000003.txt
INFO Text file X0000003.txt encoding is UTF-8
INFO Text file X0000003.txt encoding is UTF-8
INFO Processing X0000004.txt
INFO Text file X0000004.txt encoding is ISO-8859-1
INFO Text file X0000004.txt encoding is ISO-8859-1
INFO Processing X0000005.txt
INFO Text file X0000005.txt encoding is UTF-8
INFO Text file X0000005.txt encoding is UTF-8
INFO Processing X0000006.txt
INFO Text file X0000006.txt encoding is ISO-8859-1
INFO Text file X0000006.txt encoding is ISO-8859-1
INFO Processing X0000007.txt
INFO Text file X0000007.txt encoding is UTF-8
INFO Text file X0000007.txt encoding is UTF-8
INFO Processing X0000008.txt
INFO Text file X0000008.txt encoding is UTF-8
INFO Text file X0000008.txt encoding is UTF-8
INFO Processing X0000009.txt
INFO Text file X0000009.txt encoding is UTF-8
INFO Text file X0000009.txt encoding is UTF-8
INFO Processing X0000010.txt
INFO Text file X0000010.txt encoding is ISO-8859-1
INFO Text file X0000010.txt encoding is ISO-8859-1
INFO Processing X0000011.txt
INFO Text file X0000011.txt encoding is UTF-8
INFO Text file X0000011.txt encoding is UTF-8
INFO Processing X0000012.txt
INFO Text file X0000012.txt encoding is UTF-8
INFO Text file X0000012.txt encoding is UTF-8
INFO Processing X0000013.txt
INFO Text file X0000013.txt encoding is UTF-8
INFO Text file X0000013.txt encoding is UTF-8
INFO Processing X0000014.txt
INFO Text file X0000014.txt encoding is ISO-8859-1
INFO Text file X0000014.txt encoding is UTF-8
INFO Processing X0000015.txt
INFO Text file X0000015.txt encoding is UTF-8
INFO Text file X0000015.txt encoding is UTF-8
INFO Processing X0000016.txt
INFO Text file X0000016.txt encoding is ISO-8859-1
INFO Text file X0000016.txt encoding is UTF-8
INFO Processing X0000017.txt
INFO Text file X0000017.txt encoding is UTF-8
INFO Text file X0000017.txt encoding is UTF-8
INFO Processing X0000018.txt
INFO Text file X0000018.txt encoding is ISO-8859-1
INFO Text file X0000018.txt encoding is ISO-8859-1
INFO Processing X0000019.txt
INFO Text file X0000019.txt encoding is UTF-8
INFO Text file X0000019.txt encoding is UTF-8
INFO Processing X0000020.txt
INFO Text file X0000020.txt encoding is UTF-8
INFO Text file X0000020.txt encoding is UTF-8
INFO Processing X0000021.txt
INFO Text file X0000021.txt encoding is ISO-8859-1
INFO Text file X0000021.txt encoding is ISO-8859-1
INFO Processing X0000022.txt
INFO Text file X0000022.txt encoding is UTF-8
INFO Text file X0000022.txt encoding is UTF-8
INFO Processing X0000023.txt
INFO Text file X0000023.txt encoding is ISO-8859-1
INFO Text file X0000023.txt encoding is ISO-8859-1
INFO Processing X0000024.txt
INFO Text file X0000024.txt encoding is UTF-8
INFO Text file X0000024.txt encoding is UTF-8
INFO Processing X0000025.txt
INFO Text file X0000025.txt encoding is UTF-8
INFO Text file X0000025.txt encoding is UTF-8
INFO Processing X0000026.txt
INFO Text file X0000026.txt encoding is UTF-8
INFO Text file X0000026.txt encoding is UTF-8
INFO Processing X0000027.txt
INFO Text file X0000027.txt encoding is UTF-8
INFO Text file X0000027.txt encoding is UTF-8
INFO Processing X0000028.txt
INFO Text file X0000028.txt encoding is UTF-8
INFO Text file X0000028.txt encoding is UTF-8
INFO Processing X0000029.txt
INFO Text file X0000029.txt encoding is UTF-8
INFO Text file X0000029.txt encoding is UTF-8
INFO Processing X0000030.txt
INFO Text file X0000030.txt encoding is UTF-8
INFO Text file X0000030.txt encoding is UTF-8
INFO Processing X0000031.txt
INFO Text file X0000031.txt encoding is UTF-8
INFO Text file X0000031.txt encoding is UTF-8
INFO Processing X0000032.txt
INFO Text file X0000032.txt encoding is UTF-8
INFO Text file X0000032.txt encoding is UTF-8
INFO Processing X0000033.txt
INFO Text file X0000033.txt encoding is UTF-8
INFO Text file X0000033.txt encoding is UTF-8
INFO Processing X0000034.txt
INFO Text file X0000034.txt encoding is UTF-8
INFO Text file X0000034.txt encoding is Big5
INFO Processing X0000035.txt
INFO Text file X0000035.txt encoding is UTF-8
INFO Text file X0000035.txt encoding is Big5
INFO Processing X0000036.txt
INFO Text file X0000036.txt encoding is UTF-8
INFO Text file X0000036.txt encoding is UTF-8
INFO Report dumped to /home/rafa/github/impactcentre/ocrevalUAtion/A B C/txt_report.html
